ISim log file
Running: /home/ise/xilinx_vm_common_folder/vending_machine/vending_isim_beh.exe -intstyle ise -gui -tclbatch isim.cmd -wdb /home/ise/xilinx_vm_common_folder/vending_machine/vending_isim_beh.wdb 
ISim P.20160913 (signature 0xfbc00daa)
----------------------------------------------------------------------
WARNING:Security:42 - Your software subscription period has lapsed. Your current version of Xilinx tools will continue to function, but you no longer qualify for Xilinx software updates or new releases.


----------------------------------------------------------------------
This is a Full version of ISim.
Time resolution is 1 ps
# onerror resume
# wave add /
# run 1000 ns
Simulator is doing circuit initialization process.
Finished circuit initialization process.
# isim force add /vending/imoney 5 -radix unsigned
# isim force add /vending/imoney 5 -radix unsigned
# run 1.00us
Add more money to get your product
# isim force add /vending/optn 111 -radix bin
# isim force add /vending/optn 111 -radix bin
# run 1.00us
# isim force add /vending/optn 010 -radix bin
# isim force add /vending/optn 010 -radix bin
# run 1.00us
# run 1.00us
# exit 0
